# JRE version: Java(TM) SE Runtime Environment (8.0_121-b13) (build 1.8.0_121-b13)
# Java VM: Java HotSpot(TM) 64-Bit Server VM (25.121-b13 mixed mode linux-amd64 compressed oops)
Heap:
 PSYoungGen      total 595968K, used 230732K [0x00000000d6f00000, 0x0000000100000000, 0x0000000100000000)
  eden space 593920K, 38% used [0x00000000d6f00000,0x00000000e4e5b390,0x00000000fb300000)
  from space 2048K, 98% used [0x00000000ffe00000,0x00000000ffff8010,0x0000000100000000)
  to   space 39424K, 0% used [0x00000000fb300000,0x00000000fb300000,0x00000000fd980000)
 ParOldGen       total 292864K, used 161470K [0x0000000084c00000, 0x0000000096a00000, 0x00000000d6f00000)
  object space 292864K, 55% used [0x0000000084c00000,0x000000008e9afbe8,0x0000000096a00000)
 Metaspace       used 69170K, capacity 70039K, committed 70784K, reserved 1110016K
  class space    used 9793K, capacity 10008K, committed 10112K, reserved 1048576K
GC Heap History (10 events):
Event: 275,222 GC heap before
{Heap before GC invocations=395 (full 4):
 PSYoungGen      total 670208K, used 669977K [0x00000000d6f00000, 0x0000000100000000, 0x0000000100000000)
  eden space 668672K, 100% used [0x00000000d6f00000,0x00000000ffc00000,0x00000000ffc00000)
  from space 1536K, 84% used [0x00000000ffe80000,0x00000000fffc65e0,0x0000000100000000)
  to   space 2048K, 0% used [0x00000000ffc00000,0x00000000ffc00000,0x00000000ffe00000)
 ParOldGen       total 278528K, used 249832K [0x0000000084c00000, 0x0000000095c00000, 0x00000000d6f00000)
  object space 278528K, 89% used [0x0000000084c00000,0x0000000093ffa0e8,0x0000000095c00000)
 Metaspace       used 69323K, capacity 70423K, committed 70528K, reserved 1110016K
  class space    used 9802K, capacity 10040K, committed 10112K, reserved 1048576K
Event: 275,228 GC heap after
Heap after GC invocations=395 (full 4):
 PSYoungGen      total 670720K, used 1546K [0x00000000d6f00000, 0x0000000100000000, 0x0000000100000000)
  eden space 668672K, 0% used [0x00000000d6f00000,0x00000000d6f00000,0x00000000ffc00000)
  from space 2048K, 75% used [0x00000000ffc00000,0x00000000ffd82868,0x00000000ffe00000)
  to   space 2048K, 0% used [0x00000000ffe00000,0x00000000ffe00000,0x0000000100000000)
 ParOldGen       total 278528K, used 249840K [0x0000000084c00000, 0x0000000095c00000, 0x00000000d6f00000)
  object space 278528K, 89% used [0x0000000084c00000,0x0000000093ffc0e8,0x0000000095c00000)
 Metaspace       used 69323K, capacity 70423K, committed 70528K, reserved 1110016K
  class space    used 9802K, capacity 10040K, committed 10112K, reserved 1048576K
}
Event: 278,859 GC heap before
{Heap before GC invocations=396 (full 4):
 PSYoungGen      total 670720K, used 663160K [0x00000000d6f00000, 0x0000000100000000, 0x0000000100000000)
  eden space 668672K, 98% used [0x00000000d6f00000,0x00000000ff51b828,0x00000000ffc00000)
  from space 2048K, 75% used [0x00000000ffc00000,0x00000000ffd82868,0x00000000ffe00000)
  to   space 2048K, 0% used [0x00000000ffe00000,0x00000000ffe00000,0x0000000100000000)
 ParOldGen       total 278528K, used 249840K [0x0000000084c00000, 0x0000000095c00000, 0x00000000d6f00000)
  object space 278528K, 89% used [0x0000000084c00000,0x0000000093ffc0e8,0x0000000095c00000)
 Metaspace       used 69330K, capacity 70519K, committed 70784K, reserved 1110016K
  class space    used 9804K, capacity 10072K, committed 10112K, reserved 1048576K
Event: 278,864 GC heap after
Heap after GC invocations=396 (full 4):
 PSYoungGen      total 670720K, used 530K [0x00000000d6f00000, 0x0000000100000000, 0x0000000100000000)
  eden space 668672K, 0% used [0x00000000d6f00000,0x00000000d6f00000,0x00000000ffc00000)
  from space 2048K, 25% used [0x00000000ffe00000,0x00000000ffe848e8,0x0000000100000000)
  to   space 2048K, 0% used [0x00000000ffc00000,0x00000000ffc00000,0x00000000ffe00000)
 ParOldGen       total 278528K, used 249856K [0x0000000084c00000, 0x0000000095c00000, 0x00000000d6f00000)
  object space 278528K, 89% used [0x0000000084c00000,0x00000000940000e8,0x0000000095c00000)
 Metaspace       used 69330K, capacity 70519K, committed 70784K, reserved 1110016K
  class space    used 9804K, capacity 10072K, committed 10112K, reserved 1048576K
}
Event: 281,970 GC heap before
{Heap before GC invocations=397 (full 4):
 PSYoungGen      total 670720K, used 669202K [0x00000000d6f00000, 0x0000000100000000, 0x0000000100000000)
  eden space 668672K, 100% used [0x00000000d6f00000,0x00000000ffc00000,0x00000000ffc00000)
  from space 2048K, 25% used [0x00000000ffe00000,0x00000000ffe848e8,0x0000000100000000)
  to   space 2048K, 0% used [0x00000000ffc00000,0x00000000ffc00000,0x00000000ffe00000)
 ParOldGen       total 278528K, used 249856K [0x0000000084c00000, 0x0000000095c00000, 0x00000000d6f00000)
  object space 278528K, 89% used [0x0000000084c00000,0x00000000940000e8,0x0000000095c00000)
 Metaspace       used 69358K, capacity 70555K, committed 70784K, reserved 1110016K
  class space    used 9808K, capacity 10078K, committed 10112K, reserved 1048576K
Event: 282,029 GC heap after
Heap after GC invocations=397 (full 4):
 PSYoungGen      total 670720K, used 2016K [0x00000000d6f00000, 0x0000000100000000, 0x0000000100000000)
  eden space 668672K, 0% used [0x00000000d6f00000,0x00000000d6f00000,0x00000000ffc00000)
  from space 2048K, 98% used [0x00000000ffc00000,0x00000000ffdf80d0,0x00000000ffe00000)
  to   space 2048K, 0% used [0x00000000ffe00000,0x00000000ffe00000,0x0000000100000000)
 ParOldGen       total 326144K, used 318491K [0x0000000084c00000, 0x0000000098a80000, 0x00000000d6f00000)
  object space 326144K, 97% used [0x0000000084c00000,0x0000000098306d58,0x0000000098a80000)
 Metaspace       used 69358K, capacity 70555K, committed 70784K, reserved 1110016K
  class space    used 9808K, capacity 10078K, committed 10112K, reserved 1048576K
}
Event: 282,029 GC heap before
{Heap before GC invocations=398 (full 5):
 PSYoungGen      total 670720K, used 2016K [0x00000000d6f00000, 0x0000000100000000, 0x0000000100000000)
  eden space 668672K, 0% used [0x00000000d6f00000,0x00000000d6f00000,0x00000000ffc00000)
  from space 2048K, 98% used [0x00000000ffc00000,0x00000000ffdf80d0,0x00000000ffe00000)
  to   space 2048K, 0% used [0x00000000ffe00000,0x00000000ffe00000,0x0000000100000000)
 ParOldGen       total 326144K, used 318491K [0x0000000084c00000, 0x0000000098a80000, 0x00000000d6f00000)
  object space 326144K, 97% used [0x0000000084c00000,0x0000000098306d58,0x0000000098a80000)
 Metaspace       used 69358K, capacity 70555K, committed 70784K, reserved 1110016K
  class space    used 9808K, capacity 10078K, committed 10112K, reserved 1048576K
Event: 282,496 GC heap after
Heap after GC invocations=398 (full 5):
 PSYoungGen      total 670720K, used 0K [0x00000000d6f00000, 0x0000000100000000, 0x0000000100000000)
  eden space 668672K, 0% used [0x00000000d6f00000,0x00000000d6f00000,0x00000000ffc00000)
  from space 2048K, 0% used [0x00000000ffc00000,0x00000000ffc00000,0x00000000ffe00000)
  to   space 2048K, 0% used [0x00000000ffe00000,0x00000000ffe00000,0x0000000100000000)
 ParOldGen       total 292864K, used 118819K [0x0000000084c00000, 0x0000000096a00000, 0x00000000d6f00000)
  object space 292864K, 40% used [0x0000000084c00000,0x000000008c008f20,0x0000000096a00000)
 Metaspace       used 68984K, capacity 69943K, committed 70784K, reserved 1110016K
  class space    used 9751K, capacity 9976K, committed 10112K, reserved 1048576K
}
Event: 285,172 GC heap before
{Heap before GC invocations=399 (full 5):
 PSYoungGen      total 670720K, used 666602K [0x00000000d6f00000, 0x0000000100000000, 0x0000000100000000)
  eden space 668672K, 99% used [0x00000000d6f00000,0x00000000ff9fa8c8,0x00000000ffc00000)
  from space 2048K, 0% used [0x00000000ffc00000,0x00000000ffc00000,0x00000000ffe00000)
  to   space 2048K, 0% used [0x00000000ffe00000,0x00000000ffe00000,0x0000000100000000)
 ParOldGen       total 292864K, used 118819K [0x0000000084c00000, 0x0000000096a00000, 0x00000000d6f00000)
  object space 292864K, 40% used [0x0000000084c00000,0x000000008c008f20,0x0000000096a00000)
 Metaspace       used 68994K, capacity 69943K, committed 70784K, reserved 1110016K
  class space    used 9751K, capacity 9976K, committed 10112K, reserved 1048576K
Event: 285,260 GC heap after
Heap after GC invocations=399 (full 5):
 PSYoungGen      total 595968K, used 2016K [0x00000000d6f00000, 0x0000000100000000, 0x0000000100000000)
  eden space 593920K, 0% used [0x00000000d6f00000,0x00000000d6f00000,0x00000000fb300000)
  from space 2048K, 98% used [0x00000000ffe00000,0x00000000ffff8010,0x0000000100000000)
  to   space 39424K, 0% used [0x00000000fb300000,0x00000000fb300000,0x00000000fd980000)
 ParOldGen       total 292864K, used 161470K [0x0000000084c00000, 0x0000000096a00000, 0x00000000d6f00000)
  object space 292864K, 55% used [0x0000000084c00000,0x000000008e9afbe8,0x0000000096a00000)
 Metaspace       used 68994K, capacity 69943K, committed 70784K, reserved 1110016K
  class space    used 9751K, capacity 9976K, committed 10112K, reserved 1048576K
}

